<?xml version="1.0" encoding="UTF-8"?>
<testsuite name="com.example.accessingdata.AccessingdataApplicationTests" tests="4" skipped="0" failures="0" errors="0" timestamp="2024-07-26T11:17:47" hostname="wislam" time="1.383">
  <properties/>
  <testcase name="whenSaveOneToManyRelationship_thenCorrect()" classname="com.example.accessingdata.AccessingdataApplicationTests" time="0.975"/>
  <testcase name="whenSaveOneToOneRelationship_thenCorrect()" classname="com.example.accessingdata.AccessingdataApplicationTests" time="0.085"/>
  <testcase name="whenSaveManyToManyRelationship_thenCorrect()" classname="com.example.accessingdata.AccessingdataApplicationTests" time="0.201"/>
  <testcase name="whenSaveManyToManyRelationshipGroupAuthor_thenCorrect()" classname="com.example.accessingdata.AccessingdataApplicationTests" time="0.111"/>
  <system-out><![CDATA[18:17:42.359 [Test worker] INFO org.springframework.test.context.support.AnnotationConfigContextLoaderUtils -- Could not detect default configuration classes for test class [com.example.accessingdata.AccessingdataApplicationTests]: AccessingdataApplicationTests does not declare any static, non-private, non-final, nested classes annotated with @Configuration.
18:17:42.442 [Test worker] INFO org.springframework.boot.test.context.SpringBootTestContextBootstrapper -- Found @SpringBootConfiguration com.example.accessingdata.AccessingdataApplication for test class com.example.accessingdata.AccessingdataApplicationTests

  .   ____          _            __ _ _
 /\\ / ___'_ __ _ _(_)_ __  __ _ \ \ \ \
( ( )\___ | '_ | '_| | '_ \/ _` | \ \ \ \
 \\/  ___)| |_)| | | | | || (_| |  ) ) ) )
  '  |____| .__|_| |_|_| |_\__, | / / / /
 =========|_|==============|___/=/_/_/_/

 :: Spring Boot ::                (v3.3.1)

2024-07-26T18:17:42.972+07:00  INFO 283369 --- [accessingdata] [    Test worker] c.e.a.AccessingdataApplicationTests      : Starting AccessingdataApplicationTests using Java 17.0.12 with PID 283369 (started by lpq in /home/lpq/Documents/Java/spring/accessingdata)
2024-07-26T18:17:42.973+07:00  INFO 283369 --- [accessingdata] [    Test worker] c.e.a.AccessingdataApplicationTests      : No active profile set, falling back to 1 default profile: "default"
2024-07-26T18:17:43.511+07:00  INFO 283369 --- [accessingdata] [    Test worker] .s.d.r.c.RepositoryConfigurationDelegate : Bootstrapping Spring Data JPA repositories in DEFAULT mode.
2024-07-26T18:17:43.567+07:00  INFO 283369 --- [accessingdata] [    Test worker] .s.d.r.c.RepositoryConfigurationDelegate : Finished Spring Data repository scanning in 49 ms. Found 5 JPA repository interfaces.
2024-07-26T18:17:44.056+07:00  INFO 283369 --- [accessingdata] [    Test worker] o.s.b.w.embedded.tomcat.TomcatWebServer  : Tomcat initialized with port 8080 (http)
2024-07-26T18:17:44.069+07:00  INFO 283369 --- [accessingdata] [    Test worker] o.apache.catalina.core.StandardService   : Starting service [Tomcat]
2024-07-26T18:17:44.069+07:00  INFO 283369 --- [accessingdata] [    Test worker] o.apache.catalina.core.StandardEngine    : Starting Servlet engine: [Apache Tomcat/10.1.25]
2024-07-26T18:17:44.125+07:00  INFO 283369 --- [accessingdata] [    Test worker] o.a.c.c.C.[Tomcat].[localhost].[/]       : Initializing Spring embedded WebApplicationContext
2024-07-26T18:17:44.127+07:00  INFO 283369 --- [accessingdata] [    Test worker] w.s.c.ServletWebServerApplicationContext : Root WebApplicationContext: initialization completed in 1138 ms
2024-07-26T18:17:44.314+07:00  INFO 283369 --- [accessingdata] [    Test worker] o.hibernate.jpa.internal.util.LogHelper  : HHH000204: Processing PersistenceUnitInfo [name: default]
2024-07-26T18:17:44.370+07:00  INFO 283369 --- [accessingdata] [    Test worker] org.hibernate.Version                    : HHH000412: Hibernate ORM core version 6.5.2.Final
2024-07-26T18:17:44.404+07:00  INFO 283369 --- [accessingdata] [    Test worker] o.h.c.internal.RegionFactoryInitiator    : HHH000026: Second-level cache disabled
2024-07-26T18:17:44.693+07:00  INFO 283369 --- [accessingdata] [    Test worker] o.s.o.j.p.SpringPersistenceUnitInfo      : No LoadTimeWeaver setup: ignoring JPA class transformer
2024-07-26T18:17:44.719+07:00  INFO 283369 --- [accessingdata] [    Test worker] com.zaxxer.hikari.HikariDataSource       : HikariPool-1 - Starting...
2024-07-26T18:17:45.003+07:00  INFO 283369 --- [accessingdata] [    Test worker] com.zaxxer.hikari.pool.HikariPool        : HikariPool-1 - Added connection com.mysql.cj.jdbc.ConnectionImpl@26b3fe8
2024-07-26T18:17:45.005+07:00  INFO 283369 --- [accessingdata] [    Test worker] com.zaxxer.hikari.HikariDataSource       : HikariPool-1 - Start completed.
2024-07-26T18:17:45.026+07:00  WARN 283369 --- [accessingdata] [    Test worker] o.h.e.j.e.i.JdbcEnvironmentInitiator     : HHH000339: Could not obtain connection metadata: java.sql.SQLSyntaxErrorException: Unknown column 'RESERVED' in 'where clause'
2024-07-26T18:17:45.046+07:00  WARN 283369 --- [accessingdata] [    Test worker] org.hibernate.orm.deprecation            : HHH90000025: MySQLDialect does not need to be specified explicitly using 'hibernate.dialect' (remove the property setting and it will be selected by default)
2024-07-26T18:17:45.768+07:00  INFO 283369 --- [accessingdata] [    Test worker] o.h.e.t.j.p.i.JtaPlatformInitiator       : HHH000489: No JTA platform available (set 'hibernate.transaction.jta.platform' to enable JTA platform integration)
2024-07-26T18:17:46.079+07:00  INFO 283369 --- [accessingdata] [    Test worker] j.LocalContainerEntityManagerFactoryBean : Initialized JPA EntityManagerFactory for persistence unit 'default'
2024-07-26T18:17:46.385+07:00  WARN 283369 --- [accessingdata] [    Test worker] JpaBaseConfiguration$JpaWebConfiguration : spring.jpa.open-in-view is enabled by default. Therefore, database queries may be performed during view rendering. Explicitly configure spring.jpa.open-in-view to disable this warning
2024-07-26T18:17:47.305+07:00  INFO 283369 --- [accessingdata] [    Test worker] o.s.b.w.embedded.tomcat.TomcatWebServer  : Tomcat started on port 8080 (http) with context path '/'
2024-07-26T18:17:47.316+07:00  INFO 283369 --- [accessingdata] [    Test worker] c.e.a.AccessingdataApplicationTests      : Started AccessingdataApplicationTests in 4.606 seconds (process running for 5.637)
2024-07-26T18:17:47.804+07:00  INFO 283369 --- [accessingdata] [nio-8080-exec-1] o.a.c.c.C.[Tomcat].[localhost].[/]       : Initializing Spring DispatcherServlet 'dispatcherServlet'
2024-07-26T18:17:47.804+07:00  INFO 283369 --- [accessingdata] [nio-8080-exec-1] o.s.web.servlet.DispatcherServlet        : Initializing Servlet 'dispatcherServlet'
2024-07-26T18:17:47.805+07:00  INFO 283369 --- [accessingdata] [nio-8080-exec-1] o.s.web.servlet.DispatcherServlet        : Completed initialization in 1 ms
http://localhost:8080/books/1/library http://localhost:8080/books/2/library
http://localhost:8080/resource/libraries 200 OK
1
http://localhost:8080/libraries/1
204 NO_CONTENT
]]></system-out>
  <system-err><![CDATA[]]></system-err>
</testsuite>
